48
48
50
52
48
(vel - 48) / 2
50
(vel - 48) / 2
52
(note - 48) / 2
52
(note - 48) / 2
50
(note - 48) / 2
48
(note - 48) / 2
48
0.000000
50
1.000000
52
2.000000
48
0.000000
50
1.000000
50
1.000000
48
0.000000
50
2.000000
48
1.000000
48
1.000000
50
2.000000
52
3.000000
50
2.000000
48
1.000000
50
2.000000
52
3.000000
48
1.000000
50
2.000000
48
1.000000
50
2.000000
52
3.000000
52
3.000000
50
2.000000
48
1.000000
50
2.000000
50
2.000000
48
1.000000
50
2.000000
52
3.000000
53
3.500000
55
4.500000
48
1.000000
48
1.000000
50
2
50
2
48
1
50
2
52
3
53
3
53
3
55
4
48
1
50
2
52
3
53
3
53
3
53
3
53
3
48
1
50
2
52
3
53
3
53
3
52
3
50
2
48
1
48
1
50
2
52
3
52
3
52
3
52
3
53
3
53
3
53
3
53
3
53
3
53
3
52
3
52
3
53
3
53
3
53
3
55
4
48
1
50
2
52
3
48
1
48
1
48
1
49
1
49
1
49
1
48
1
49
1
50
2
51
2
51
2
48
1
49
2
50
3
50
3
51
4
48
1
49
2
48
50
50
48
48
49
51
54
50
54
48
54
51
49
51
54
48
50
52
52
53
48
48
72
36
24
12
18
18
19
19
20
20
20
20
7
7
6
6
5
5
55
7
7
7127
7127
5127
5127
5127
5127
5127
5127
-16
-120
-120






7-127
7-127
21-127
21-127
18-127
18-127
3-127
3-127
82-127
82-127
86-127
86-127
48-127
48-127
48-105
7-127
7-127
6-127
6-127
5-127
5-127
13-127
13-127
15-127
15-127
15-127
15-127
15-127
15-127
15-127
15-127
14-127
14-127
14-127
14-127
11-127
11-127
10-127
10-127
98-127
98-127
7-127
7-127
81-105
81-51
81-98
81-80
81-93
81-73
81-98
81-78
81-102
81-81
81-93
81-76
79-71
79-41
79-71
79-71
79-90
79-61
81-95
81-66
74-61
76-66
76-42
74-56
74-69
74-41
74-73
74-39
74-88
74-58
64-93
64-68
64-105
64-71
78-117
78-82
78-105
78-88
78-105
78-90
78-116
78-80
78-119
78-83
48-98
50-92
50-89
50-80
50-61
50-57
60-98
60-98
48-127
48-101
48-127
50-95
48-86
50-65
48-101
49-127
51-127
54-127
56-127
54-127
51-127
49-127
48-86
49-127
51-127
54-127
56-127
58-127
61-127
58-127
56-127
54-127
51-127
49-127
51-127
54-127
56-127
58-127
48-98
48-89
50-98
48-86
48-98
48-83
48-105
48-105
48-92
48-47
50-57
48-75
50-67
52-71
53-53
48-80
93-127
93-127
93-127
93-127
93-127
93-127
93-127
93-127
93-127
93-127
7-127
7-127
7-127
7-127
7-127
7-127
7-127
7-127
7-127
7-127
7-127
7-127
7-127
7-127
7-127
7-127
70-127
70-127
70-127
70-127
70-127
70-127
52-89
52-86
52-73
50-69
48-59
50-43
48-101
48-101
50-101
48-77
50-98
48-63
48-92
48-95
48-95
48-63
50-95
48-71
50-57
48-63
50-71
48-55
7-127
7-127
52-1
52-2
52-3
52-4
52-5
52-6
52-7
52-8
52-9
52-10
52-11
52-12
52-13
52-14
52-15
52-14
52-13
52-12
52-11
52-10
52-9
52-8
52-7
52-6
52-5
52-4
52-3
52-2
52-1
52-0
52-1
52-2
52-3
52-4
52-5
52-6
52-7
52-8
52-9
52-10
52-11
52-12
52-13
52-14
52-15
52-16
52-17
52-18
52-19
52-20
52-21
52-22
52-23
52-24
52-25
52-26
52-27
52-28
52-29
52-30
52-31
52-32
52-33
52-34
52-35
52-36
52-37
52-38
52-39
52-40
52-41
52-42
52-43
52-44
52-45
52-46
52-47
52-48
52-49
52-50
52-51
52-52
52-53
52-54
52-55
52-56
52-57
52-58
52-59
52-60
52-61
52-62
52-63
52-64
52-65
52-66
52-67
52-68
52-69
52-70
52-71
52-72
52-73
52-74
52-75
52-76
52-77
52-78
52-79
52-80
52-81
52-82
52-83
52-84
52-85
52-86
52-87
52-88
52-89
52-90
52-91
52-92
52-93
52-94
52-95
52-96
52-97
52-98
52-99
52-100
52-101
52-102
52-103
52-104
52-105
52-106
52-107
52-108
52-109
52-110
52-111
52-112
52-113
52-114
52-115
52-116
52-117
52-118
52-119
52-120
52-121
52-122
52-123
52-124
52-125
52-126
52-127
52-126
52-125
52-124
52-123
52-122
52-121
52-120
52-119
52-118
52-117
52-116
52-115
52-114
52-113
52-112
52-111
52-110
52-109
52-108
52-107
52-106
52-105
52-104
52-103
52-102
52-101
52-100
52-99
52-98
52-97
52-96
52-95
52-94
52-93
52-92
52-91
52-90
52-89
52-88
52-87
52-86
52-85
52-84
52-83
52-82
52-81
52-80
52-79
52-78
52-77
52-76
52-75
48-127
48-80
50-86
52-105
50-55
48-77
48-31
48-61
50-71
48-65
50-71
48-80
50-59
48-53
50-71
48-29
50-61
48-31
50-63
48-43
50-61
48-20
50-30
48-89
57-55
55-37
53-65
53-98
53-92
53-63
53-83
48-53
50-25
52-39
53-39
55-37
57-43
55-51
53-75
55-59
55-127
53-89
55-83
52-61
53-83
55-83
55-101
55-105
3-127
3-127
3-127
3-127
1-127
1-127
8-127
8-127
9-127
9-127
11-127
11-127
12-127
12-127
13-127
13-127
14-127
14-127
14-127
14-127
15-127
15-127
8-127
8-127
9-127
9-127
10-127
10-127
11-127
11-127
1-127
1-127
2-127
2-127
3-127
3-127
4-127
4-127
5-127
5-127
6-127
6-127
1-127
1-127
2-127
2-127
50-105
50-83
48-127
50-95
48-77
50-98
50-105
48-127
48-105
50-89
50-98
50-21
49-127
51-127
51-127
54-127
49-105
48-127
49-127
51-127
54-127
56-127
50-127
48-59
50-86
52-127
50-127
48-92
48-95
50-95
48-65
50-59
48-127
50-69
48-95
50-77
48-86
50-86
48-77
50-92
48-75
50-80
48-80
50-77
48-71
50-77
48-57
50-89
48-89
50-101
52-83
53-61
53-101
48-80
50-89
48-80
48-105
48-83
50-101
52-95
48-61
50-83
48-77
50-39
52-69
50-49
48-53
52-59
67-127
67-127
66-127
66-127
67-127
67-127
67-127
67-127
66-127
66-127
67-127
67-127
50-71
48-69
52-71
50-86
48-77
50-77
50-83
50-73
50-86
50-71
48-33
50-37
52-57
50-101
50-95
50-89
50-92
50-98
50-127
52-127
48-98
50-63
52-77
48-73
50-69
52-77
48-86
50-92
52-57
50-49
48-71
50-43
52-77
48-89
50-80
52-92
48-75
50-61
52-89
50-63
52-39
48-37
50-55
52-45
48-69
50-67
52-24
52-1
50-39
48-35
50-24
52-49
50-71
52-69
50-45
48-57
52-27
50-61
48-63
50-55
52-67
50-65
48-53
50-28
52-43
50-75
48-51
50-63
48-63
50-69
48-71
50-65
48-67
50-75
53-127
48-67
49-127
51-127
54-127
49-127
49-127
51-127
54-127
49-127
50-71
48-63
51-39
49-127
51-127
54-127
51-55
49-80
51-63
54-92
51-86
49-95
51-77
54-57
51-77
49-127
51-101
54-105
56-67
49-92
51-43
54-55
49-127
51-127
54-127
56-127
49-127
51-127
54-59
56-127
58-127
49-127
51-127
49-127
49-127
51-55
54-127
49-127
51-127
54-127
49-127
51-127
54-127
49-127
51-127
54-127
49-127
51-127
54-127
56-127
49-127
51-127
54-127
56-127
49-127
51-127
54-127
56-127
49-127
51-127
54-127
56-127
49-127
51-127
54-127
56-127
49-105
51-73
54-80
56-86
49-127
51-127
54-24
56-49
49-127
51-80
54-127
56-127
49-127
51-98
54-127
56-127
49-127
51-127
54-127
56-98
49-101
51-77
54-27
56-1
58-59
56-83
54-73
51-45
49-73
49-127
51-127
54-127
56-127
58-127
49-127
51-127
54-127
56-127
58-127
49-127
51-101
54-105
56-127
48-75
50-53
48-53
50-59
48-57
50-53
52-47
50-37
48-51
49-73
51-51
54-69
56-75
49-127
48-71
50-27
50-75
48-29
50-63
48-30
49-127
51-83
54-71
56-69
58-65
49-127
51-80
54-98
56-127
58-127
49-127
48-80
50-127
52-59
50-47
48-65
49-127
51-127
54-92
56-22
58-80
56-127
54-95
51-127
49-127
48-95
50-29
52-47
53-43
50-71
48-25
49-127
51-80
54-28
48-35
50-57
48-30
50-55
50-51
48-43
50-51
52-37
53-53
48-55
49-80
51-80
54-49
56-57
51-127
50-61
